<?xml version="1.0" encoding="UTF-8"?>
<!-- Generated by org.testng.reporters.JUnitXMLReporter -->
<testsuite hostname="chan-PC" ignored="0" name="Testng" tests="4" failures="4" timestamp="2020-04-13T15:05:09 IST" time="7.181" errors="0">
  <testcase name="login" time="3.687" classname="codeCharge.Runner.LoginRunner">
    <failure type="cucumber.runtime.CucumberException" message="java.lang.IllegalStateException: The driver executable does not exist: C:\Users\chan\Desktop\CodeCharge-Cucumber\UserschanDesktopCodeCharge-Cucumbersrc	estesourcesBinarieschromedriver.exe">
      <![CDATA[cucumber.runtime.CucumberException: java.lang.IllegalStateException: The driver executable does not exist: C:\Users\chan\Desktop\CodeCharge-Cucumber\UserschanDesktopCodeCharge-Cucumbersrcest
esourcesBinarieschromedriver.exe
at cucumber.api.testng.TestNGCucumberRunner.runCucumber(TestNGCucumberRunner.java:69)
at codeCharge.Runner.LoginRunner.login(LoginRunner.java:39)
at java.util.ArrayList.forEach(Unknown Source)
Caused by: java.lang.IllegalStateException: The driver executable does not exist: C:\Users\chan\Desktop\CodeCharge-Cucumber\UserschanDesktopCodeCharge-Cucumbersrcest
esourcesBinarieschromedriver.exe
at com.google.common.base.Preconditions.checkState(Preconditions.java:585)
at org.openqa.selenium.remote.service.DriverService.checkExecutable(DriverService.java:146)
at org.openqa.selenium.remote.service.DriverService.findExecutable(DriverService.java:141)
at org.openqa.selenium.chrome.ChromeDriverService.access$000(ChromeDriverService.java:35)
at org.openqa.selenium.chrome.ChromeDriverService$Builder.findDefaultExecutable(ChromeDriverService.java:159)
at org.openqa.selenium.remote.service.DriverService$Builder.build(DriverService.java:355)
at org.openqa.selenium.chrome.ChromeDriverService.createDefaultService(ChromeDriverService.java:94)
at org.openqa.selenium.chrome.ChromeDriver.<init>(ChromeDriver.java:123)
at com.Codecharge.utility.Browserfactory.startBrowser(Browserfactory.java:25)
at codeCharge.stepDefination.ValidLogin.open_chrome_and_start_application(ValidLogin.java:63)
at ✽.Given Open chrome and start application(Login.feature:6)
... Removed 27 stack frames]]>
    </failure>
  </testcase> <!-- login -->
  <testcase name="login" time="0.687" classname="codeCharge.Runner.LoginRunner">
    <failure type="cucumber.runtime.CucumberException" message="java.lang.IllegalStateException: The driver executable does not exist: C:\Users\chan\Desktop\CodeCharge-Cucumber\UserschanDesktopCodeCharge-Cucumbersrc	estesourcesBinarieschromedriver.exe">
      <![CDATA[cucumber.runtime.CucumberException: java.lang.IllegalStateException: The driver executable does not exist: C:\Users\chan\Desktop\CodeCharge-Cucumber\UserschanDesktopCodeCharge-Cucumbersrcest
esourcesBinarieschromedriver.exe
at cucumber.api.testng.TestNGCucumberRunner.runCucumber(TestNGCucumberRunner.java:69)
at codeCharge.Runner.LoginRunner.login(LoginRunner.java:39)
at java.util.ArrayList.forEach(Unknown Source)
Caused by: java.lang.IllegalStateException: The driver executable does not exist: C:\Users\chan\Desktop\CodeCharge-Cucumber\UserschanDesktopCodeCharge-Cucumbersrcest
esourcesBinarieschromedriver.exe
at com.google.common.base.Preconditions.checkState(Preconditions.java:585)
at org.openqa.selenium.remote.service.DriverService.checkExecutable(DriverService.java:146)
at org.openqa.selenium.remote.service.DriverService.findExecutable(DriverService.java:141)
at org.openqa.selenium.chrome.ChromeDriverService.access$000(ChromeDriverService.java:35)
at org.openqa.selenium.chrome.ChromeDriverService$Builder.findDefaultExecutable(ChromeDriverService.java:159)
at org.openqa.selenium.remote.service.DriverService$Builder.build(DriverService.java:355)
at org.openqa.selenium.chrome.ChromeDriverService.createDefaultService(ChromeDriverService.java:94)
at org.openqa.selenium.chrome.ChromeDriver.<init>(ChromeDriver.java:123)
at com.Codecharge.utility.Browserfactory.startBrowser(Browserfactory.java:25)
at codeCharge.stepDefination.ValidLogin.open_chrome_and_start_application(ValidLogin.java:63)
at ✽.Given Open chrome and start application(page.feature:5)
... Removed 27 stack frames]]>
    </failure>
  </testcase> <!-- login -->
  <testcase name="login" time="0.06" classname="codeCharge.Runner.TaskRunner">
    <failure type="cucumber.runtime.CucumberException" message="java.lang.IllegalStateException: The driver executable does not exist: C:\Users\chan\Desktop\CodeCharge-Cucumber\UserschanDesktopCodeCharge-Cucumbersrc	estesourcesBinarieschromedriver.exe">
      <![CDATA[cucumber.runtime.CucumberException: java.lang.IllegalStateException: The driver executable does not exist: C:\Users\chan\Desktop\CodeCharge-Cucumber\UserschanDesktopCodeCharge-Cucumbersrcest
esourcesBinarieschromedriver.exe
at cucumber.api.testng.TestNGCucumberRunner.runCucumber(TestNGCucumberRunner.java:69)
at codeCharge.Runner.TaskRunner.login(TaskRunner.java:39)
at java.util.ArrayList.forEach(Unknown Source)
Caused by: java.lang.IllegalStateException: The driver executable does not exist: C:\Users\chan\Desktop\CodeCharge-Cucumber\UserschanDesktopCodeCharge-Cucumbersrcest
esourcesBinarieschromedriver.exe
at com.google.common.base.Preconditions.checkState(Preconditions.java:585)
at org.openqa.selenium.remote.service.DriverService.checkExecutable(DriverService.java:146)
at org.openqa.selenium.remote.service.DriverService.findExecutable(DriverService.java:141)
at org.openqa.selenium.chrome.ChromeDriverService.access$000(ChromeDriverService.java:35)
at org.openqa.selenium.chrome.ChromeDriverService$Builder.findDefaultExecutable(ChromeDriverService.java:159)
at org.openqa.selenium.remote.service.DriverService$Builder.build(DriverService.java:355)
at org.openqa.selenium.chrome.ChromeDriverService.createDefaultService(ChromeDriverService.java:94)
at org.openqa.selenium.chrome.ChromeDriver.<init>(ChromeDriver.java:123)
at com.Codecharge.utility.Browserfactory.startBrowser(Browserfactory.java:25)
at codeCharge.stepDefination.ValidLogin.open_chrome_and_start_application(ValidLogin.java:63)
at ✽.Given Open chrome and start application(Login.feature:6)
... Removed 27 stack frames]]>
    </failure>
  </testcase> <!-- login -->
  <testcase name="login" time="0.045" classname="codeCharge.Runner.TaskRunner">
    <failure type="cucumber.runtime.CucumberException" message="java.lang.IllegalStateException: The driver executable does not exist: C:\Users\chan\Desktop\CodeCharge-Cucumber\UserschanDesktopCodeCharge-Cucumbersrc	estesourcesBinarieschromedriver.exe">
      <![CDATA[cucumber.runtime.CucumberException: java.lang.IllegalStateException: The driver executable does not exist: C:\Users\chan\Desktop\CodeCharge-Cucumber\UserschanDesktopCodeCharge-Cucumbersrcest
esourcesBinarieschromedriver.exe
at cucumber.api.testng.TestNGCucumberRunner.runCucumber(TestNGCucumberRunner.java:69)
at codeCharge.Runner.TaskRunner.login(TaskRunner.java:39)
at java.util.ArrayList.forEach(Unknown Source)
Caused by: java.lang.IllegalStateException: The driver executable does not exist: C:\Users\chan\Desktop\CodeCharge-Cucumber\UserschanDesktopCodeCharge-Cucumbersrcest
esourcesBinarieschromedriver.exe
at com.google.common.base.Preconditions.checkState(Preconditions.java:585)
at org.openqa.selenium.remote.service.DriverService.checkExecutable(DriverService.java:146)
at org.openqa.selenium.remote.service.DriverService.findExecutable(DriverService.java:141)
at org.openqa.selenium.chrome.ChromeDriverService.access$000(ChromeDriverService.java:35)
at org.openqa.selenium.chrome.ChromeDriverService$Builder.findDefaultExecutable(ChromeDriverService.java:159)
at org.openqa.selenium.remote.service.DriverService$Builder.build(DriverService.java:355)
at org.openqa.selenium.chrome.ChromeDriverService.createDefaultService(ChromeDriverService.java:94)
at org.openqa.selenium.chrome.ChromeDriver.<init>(ChromeDriver.java:123)
at com.Codecharge.utility.Browserfactory.startBrowser(Browserfactory.java:25)
at codeCharge.stepDefination.ValidLogin.open_chrome_and_start_application(ValidLogin.java:63)
at ✽.Given Open chrome and start application(page.feature:5)
... Removed 27 stack frames]]>
    </failure>
  </testcase> <!-- login -->
</testsuite> <!-- Testng -->
